<?xml version="1.0" encoding="UTF-8"?>
<testsuite name="quicktests.SeleniumPOC" tests="3" skipped="0" failures="0" errors="0" timestamp="2020-05-18T15:57:46" hostname="DESKTOP-HTFC4FJ" time="27.313">
  <properties/>
  <testcase name="GoogleBrowserTest" classname="quicktests.SeleniumPOC" time="6.143"/>
  <testcase name="FirefoxBrowserTest" classname="quicktests.SeleniumPOC" time="7.674"/>
  <testcase name="GooglePageObjectTest" classname="quicktests.SeleniumPOC" time="13.496"/>
  <system-out><![CDATA[[INFO ] 2020-05-18 11:57:56.076 [Test worker] Selenium - Firefox browser has been fetched.
[INFO ] 2020-05-18 11:57:56.081 [Test worker] Selenium - Explicit and Implicit wait have been started.
firefox
76.0.1
windows 10
[INFO ] 2020-05-18 11:58:05.554 [Test worker] Selenium - Chrome browser has been fetched.
[INFO ] 2020-05-18 11:58:05.558 [Test worker] Selenium - Explicit and Implicit wait have been started.
chrome
81.0.4044.138
windows 10
]]></system-out>
  <system-err><![CDATA[Starting ChromeDriver 80.0.3987.106 (f68069574609230cf9b635cd784cfb1bf81bb53a-refs/branch-heads/3987@{#882}) on port 8401
Only local connections are allowed.
Please protect ports used by ChromeDriver and related test frameworks to prevent access by malicious code.
[1589817468.385][WARNING]: This version of ChromeDriver has not been tested with Chrome version 81.
[1589817470.388][WARNING]: Timed out connecting to Chrome, retrying...
May 18, 2020 11:57:52 AM org.openqa.selenium.remote.ProtocolHandshake createSession
INFO: Detected dialect: W3C
1589817473427	mozrunner::runner	INFO	Running command: "C:\\Program Files\\Mozilla Firefox\\firefox.exe" "-marionette" "start-maximized" "enable-automation" "-incognito" "-foreground" "-no-remote" "-profile" "C:\\Users\\jose_\\AppData\\Local\\Temp\\rust_mozprofileggyba9"
1589817473681	addons.webextension.doh-rollout@mozilla.org	WARN	Loading extension 'doh-rollout@mozilla.org': Reading manifest: Invalid extension permission: networkStatus
1589817473702	addons.webextension.screenshots@mozilla.org	WARN	Loading extension 'screenshots@mozilla.org': Reading manifest: Invalid extension permission: mozillaAddons
1589817473702	addons.webextension.screenshots@mozilla.org	WARN	Loading extension 'screenshots@mozilla.org': Reading manifest: Invalid extension permission: telemetry
1589817473702	addons.webextension.screenshots@mozilla.org	WARN	Loading extension 'screenshots@mozilla.org': Reading manifest: Invalid extension permission: resource://pdf.js/
1589817473702	addons.webextension.screenshots@mozilla.org	WARN	Loading extension 'screenshots@mozilla.org': Reading manifest: Invalid extension permission: about:reader*
JavaScript error: resource://gre/modules/XULStore.jsm, line 66: Error: Can't find profile directory.
1589817475547	Marionette	INFO	Listening on port 54903
1589817476039	Marionette	WARN	TLS certificate errors will be ignored for this session
May 18, 2020 11:57:56 AM org.openqa.selenium.remote.ProtocolHandshake createSession
INFO: Detected dialect: W3C
1589817479772	Marionette	INFO	Stopped listening on port 54903

###!!! [Child][RunMessage] Error: Channel closing: too late to send/recv, messages will be lost


###!!! [Child][MessageChannel::SendAndWait] Error: Channel error: cannot send/recv

Starting ChromeDriver 80.0.3987.106 (f68069574609230cf9b635cd784cfb1bf81bb53a-refs/branch-heads/3987@{#882}) on port 41854
Only local connections are allowed.
Please protect ports used by ChromeDriver and related test frameworks to prevent access by malicious code.
[1589817481.542][WARNING]: This version of ChromeDriver has not been tested with Chrome version 81.
[1589817483.544][WARNING]: Timed out connecting to Chrome, retrying...
May 18, 2020 11:58:05 AM org.openqa.selenium.remote.ProtocolHandshake createSession
INFO: Detected dialect: W3C
]]></system-err>
</testsuite>
